  [4;36;1mSQL (0.3ms)[0m   [0;1mSET SQL_AUTO_IS_NULL=0[0m
  [4;35;1mSQL (0.4ms)[0m   [0mSHOW TABLES[0m
  [4;36;1mItem Columns (1.0ms)[0m   [0;1mSHOW FIELDS FROM `items`[0m
  [4;36;1mSQL (0.2ms)[0m   [0;1mSET SQL_AUTO_IS_NULL=0[0m
  [4;35;1mSQL (0.4ms)[0m   [0mSHOW TABLES[0m
  [4;36;1mCatalog Columns (0.9ms)[0m   [0;1mSHOW FIELDS FROM `catalogs`[0m
  [4;36;1mSQL (0.2ms)[0m   [0;1mSET SQL_AUTO_IS_NULL=0[0m
  [4;35;1mSQL (0.4ms)[0m   [0mSHOW TABLES[0m
  [4;36;1mCatalog Columns (0.9ms)[0m   [0;1mSHOW FIELDS FROM `catalogs`[0m
  [4;35;1mSQL (0.5ms)[0m   [0mSHOW TABLES[0m
  [4;36;1mCart Columns (0.9ms)[0m   [0;1mSHOW FIELDS FROM `carts`[0m
  [4;35;1mSQL (0.5ms)[0m   [0mSHOW TABLES[0m
  [4;36;1mItem Columns (1.0ms)[0m   [0;1mSHOW FIELDS FROM `items`[0m
  [4;35;1mSQL (0.5ms)[0m   [0mSHOW TABLES[0m
  [4;36;1mCustomer Columns (1.2ms)[0m   [0;1mSHOW FIELDS FROM `customers`[0m
  [4;36;1mSQL (0.2ms)[0m   [0;1mSET SQL_AUTO_IS_NULL=0[0m
  [4;35;1mSQL (0.4ms)[0m   [0mSHOW TABLES[0m
  [4;36;1mCatalog Columns (0.9ms)[0m   [0;1mSHOW FIELDS FROM `catalogs`[0m
  [4;36;1mSQL (0.2ms)[0m   [0;1mSET SQL_AUTO_IS_NULL=0[0m
  [4;35;1mSQL (0.4ms)[0m   [0mSHOW TABLES[0m
  [4;36;1mItem Columns (1.0ms)[0m   [0;1mSHOW FIELDS FROM `items`[0m
  [4;35;1mSQL (0.5ms)[0m   [0mSHOW TABLES[0m
  [4;36;1mCustomer Columns (1.2ms)[0m   [0;1mSHOW FIELDS FROM `customers`[0m
  [4;35;1mSQL (0.5ms)[0m   [0mSHOW TABLES[0m
  [4;36;1mCart Columns (0.8ms)[0m   [0;1mSHOW FIELDS FROM `carts`[0m
  [4;35;1mSQL (0.4ms)[0m   [0mSHOW TABLES[0m
  [4;36;1mInventory Columns (0.9ms)[0m   [0;1mSHOW FIELDS FROM `inventories`[0m
  [4;35;1mSQL (0.5ms)[0m   [0mSHOW TABLES[0m
  [4;36;1mCatalog Columns (0.9ms)[0m   [0;1mSHOW FIELDS FROM `catalogs`[0m
  [4;36;1mSQL (0.2ms)[0m   [0;1mSET SQL_AUTO_IS_NULL=0[0m
  [4;35;1mSQL (0.4ms)[0m   [0mSHOW TABLES[0m
  [4;36;1mSQL (0.2ms)[0m   [0;1mSELECT version FROM schema_migrations[0m
  [4;35;1mSQL (0.3ms)[0m   [0mSHOW TABLES[0m
  [4;36;1mSQL (0.2ms)[0m   [0;1mSELECT version FROM schema_migrations[0m
Migrating to CreateOrderItems (20131021214730)
  [4;35;1mSQL (45.0ms)[0m   [0mDROP TABLE `order_items`[0m
  [4;36;1mSQL (7.7ms)[0m   [0;1mDELETE FROM schema_migrations WHERE version = '20131021214730'[0m
  [4;35;1mSQL (0.4ms)[0m   [0mSHOW TABLES[0m
  [4;36;1mSQL (0.3ms)[0m   [0;1mSELECT version FROM schema_migrations[0m
  [4;35;1mSQL (0.3ms)[0m   [0mSHOW TABLES[0m
  [4;36;1mSQL (0.9ms)[0m   [0;1mSHOW FIELDS FROM `carts`[0m
  [4;35;1mSQL (0.7ms)[0m   [0mdescribe `carts`[0m
  [4;36;1mSQL (0.4ms)[0m   [0;1mSHOW KEYS FROM `carts`[0m
  [4;35;1mSQL (0.8ms)[0m   [0mSHOW FIELDS FROM `catalogs`[0m
  [4;36;1mSQL (0.7ms)[0m   [0;1mdescribe `catalogs`[0m
  [4;35;1mSQL (0.4ms)[0m   [0mSHOW KEYS FROM `catalogs`[0m
  [4;36;1mSQL (0.8ms)[0m   [0;1mSHOW FIELDS FROM `countries`[0m
  [4;35;1mSQL (0.8ms)[0m   [0mdescribe `countries`[0m
  [4;36;1mSQL (0.4ms)[0m   [0;1mSHOW KEYS FROM `countries`[0m
  [4;35;1mSQL (1.0ms)[0m   [0mSHOW FIELDS FROM `customers`[0m
  [4;36;1mSQL (1.0ms)[0m   [0;1mdescribe `customers`[0m
  [4;35;1mSQL (0.4ms)[0m   [0mSHOW KEYS FROM `customers`[0m
  [4;36;1mSQL (0.8ms)[0m   [0;1mSHOW FIELDS FROM `inventories`[0m
  [4;35;1mSQL (0.8ms)[0m   [0mdescribe `inventories`[0m
  [4;36;1mSQL (0.4ms)[0m   [0;1mSHOW KEYS FROM `inventories`[0m
  [4;35;1mSQL (0.9ms)[0m   [0mSHOW FIELDS FROM `items`[0m
  [4;36;1mSQL (0.8ms)[0m   [0;1mdescribe `items`[0m
  [4;35;1mSQL (0.4ms)[0m   [0mSHOW KEYS FROM `items`[0m
  [4;36;1mSQL (0.9ms)[0m   [0;1mSHOW FIELDS FROM `orders`[0m
  [4;35;1mSQL (0.9ms)[0m   [0mdescribe `orders`[0m
  [4;36;1mSQL (0.4ms)[0m   [0;1mSHOW KEYS FROM `orders`[0m
  [4;36;1mSQL (0.2ms)[0m   [0;1mSET SQL_AUTO_IS_NULL=0[0m
  [4;35;1mSQL (0.4ms)[0m   [0mSHOW TABLES[0m
  [4;36;1mSQL (0.2ms)[0m   [0;1mSELECT version FROM schema_migrations[0m
Migrating to CreateItems (20131021203206)
Migrating to CreateInventories (20131021205131)
Migrating to CreateCatalogs (20131021205722)
Migrating to CreateCountries (20131021211409)
Migrating to CreateCustomers (20131021212005)
Migrating to CreateCarts (20131021213917)
Migrating to CreateOrders (20131021214609)
Migrating to CreateOrderItems (20131021214730)
  [4;35;1mSQL (90.9ms)[0m   [0mCREATE TABLE `order_items` (`id` int(11) DEFAULT NULL auto_increment PRIMARY KEY, `sold_price` float, `created_at` datetime, `updated_at` datetime) ENGINE=InnoDB[0m
  [4;36;1mSQL (7.7ms)[0m   [0;1mINSERT INTO schema_migrations (version) VALUES ('20131021214730')[0m
Migrating to RemoveHasManyFromCatalog (20131023212909)
  [4;35;1mSQL (0.0ms)[0m   [0mMysql::Error: Can't DROP 'has_many'; check that column/key exists: ALTER TABLE `catalogs` DROP `has_many`[0m
  [4;36;1mSQL (0.2ms)[0m   [0;1mSET SQL_AUTO_IS_NULL=0[0m
  [4;35;1mSQL (0.4ms)[0m   [0mSHOW TABLES[0m
  [4;36;1mSQL (0.3ms)[0m   [0;1mSELECT version FROM schema_migrations[0m
Migrating to CreateItems (20131021203206)
Migrating to CreateInventories (20131021205131)
Migrating to CreateCatalogs (20131021205722)
Migrating to CreateCountries (20131021211409)
Migrating to CreateCustomers (20131021212005)
Migrating to CreateCarts (20131021213917)
Migrating to CreateOrders (20131021214609)
Migrating to CreateOrderItems (20131021214730)
Migrating to RemoveSalePriceFromCatalog (20131023213053)
  [4;35;1mSQL (118.1ms)[0m   [0mALTER TABLE `catalogs` DROP `sale_price`[0m
  [4;36;1mSQL (7.7ms)[0m   [0;1mINSERT INTO schema_migrations (version) VALUES ('20131023213053')[0m
  [4;35;1mSQL (0.4ms)[0m   [0mSHOW TABLES[0m
  [4;36;1mSQL (0.3ms)[0m   [0;1mSELECT version FROM schema_migrations[0m
  [4;35;1mSQL (0.3ms)[0m   [0mSHOW TABLES[0m
  [4;36;1mSQL (0.8ms)[0m   [0;1mSHOW FIELDS FROM `carts`[0m
  [4;35;1mSQL (0.7ms)[0m   [0mdescribe `carts`[0m
  [4;36;1mSQL (0.4ms)[0m   [0;1mSHOW KEYS FROM `carts`[0m
  [4;35;1mSQL (0.8ms)[0m   [0mSHOW FIELDS FROM `catalogs`[0m
  [4;36;1mSQL (0.7ms)[0m   [0;1mdescribe `catalogs`[0m
  [4;35;1mSQL (0.4ms)[0m   [0mSHOW KEYS FROM `catalogs`[0m
  [4;36;1mSQL (0.8ms)[0m   [0;1mSHOW FIELDS FROM `countries`[0m
  [4;35;1mSQL (0.8ms)[0m   [0mdescribe `countries`[0m
  [4;36;1mSQL (0.4ms)[0m   [0;1mSHOW KEYS FROM `countries`[0m
  [4;35;1mSQL (1.0ms)[0m   [0mSHOW FIELDS FROM `customers`[0m
  [4;36;1mSQL (1.0ms)[0m   [0;1mdescribe `customers`[0m
  [4;35;1mSQL (0.4ms)[0m   [0mSHOW KEYS FROM `customers`[0m
  [4;36;1mSQL (0.8ms)[0m   [0;1mSHOW FIELDS FROM `inventories`[0m
  [4;35;1mSQL (0.8ms)[0m   [0mdescribe `inventories`[0m
  [4;36;1mSQL (0.4ms)[0m   [0;1mSHOW KEYS FROM `inventories`[0m
  [4;35;1mSQL (0.8ms)[0m   [0mSHOW FIELDS FROM `items`[0m
  [4;36;1mSQL (0.9ms)[0m   [0;1mdescribe `items`[0m
  [4;35;1mSQL (0.4ms)[0m   [0mSHOW KEYS FROM `items`[0m
  [4;36;1mSQL (0.9ms)[0m   [0;1mSHOW FIELDS FROM `order_items`[0m
  [4;35;1mSQL (0.8ms)[0m   [0mdescribe `order_items`[0m
  [4;36;1mSQL (0.4ms)[0m   [0;1mSHOW KEYS FROM `order_items`[0m
  [4;35;1mSQL (0.9ms)[0m   [0mSHOW FIELDS FROM `orders`[0m
  [4;36;1mSQL (0.9ms)[0m   [0;1mdescribe `orders`[0m
  [4;35;1mSQL (0.4ms)[0m   [0mSHOW KEYS FROM `orders`[0m
  [4;36;1mSQL (0.2ms)[0m   [0;1mSET SQL_AUTO_IS_NULL=0[0m
  [4;35;1mSQL (0.4ms)[0m   [0mSHOW TABLES[0m
  [4;36;1mCatalog Columns (0.9ms)[0m   [0;1mSHOW FIELDS FROM `catalogs`[0m
  [4;36;1mSQL (0.2ms)[0m   [0;1mSET SQL_AUTO_IS_NULL=0[0m
  [4;35;1mSQL (0.4ms)[0m   [0mSHOW TABLES[0m
  [4;36;1mSQL (0.2ms)[0m   [0;1mSELECT version FROM schema_migrations[0m
Migrating to CreateItems (20131021203206)
Migrating to CreateInventories (20131021205131)
Migrating to CreateCatalogs (20131021205722)
Migrating to CreateCountries (20131021211409)
Migrating to CreateCustomers (20131021212005)
Migrating to CreateCarts (20131021213917)
Migrating to CreateOrders (20131021214609)
Migrating to CreateOrderItems (20131021214730)
Migrating to RemoveSalePriceFromCatalog (20131023213053)
Migrating to AddNameToCatalog (20131023214811)
  [4;35;1mSQL (120.8ms)[0m   [0mALTER TABLE `catalogs` ADD `name` varchar(255)[0m
  [4;36;1mSQL (7.6ms)[0m   [0;1mINSERT INTO schema_migrations (version) VALUES ('20131023214811')[0m
Migrating to AddCatalogToItems (20131023214856)
  [4;35;1mSQL (65.1ms)[0m   [0mALTER TABLE `items` ADD `catalog_id` int[0m
  [4;36;1mSQL (7.7ms)[0m   [0;1mINSERT INTO schema_migrations (version) VALUES ('20131023214856')[0m
  [4;35;1mSQL (0.4ms)[0m   [0mSHOW TABLES[0m
  [4;36;1mSQL (0.3ms)[0m   [0;1mSELECT version FROM schema_migrations[0m
  [4;35;1mSQL (0.3ms)[0m   [0mSHOW TABLES[0m
  [4;36;1mSQL (0.8ms)[0m   [0;1mSHOW FIELDS FROM `carts`[0m
  [4;35;1mSQL (0.7ms)[0m   [0mdescribe `carts`[0m
  [4;36;1mSQL (0.4ms)[0m   [0;1mSHOW KEYS FROM `carts`[0m
  [4;35;1mSQL (0.9ms)[0m   [0mSHOW FIELDS FROM `catalogs`[0m
  [4;36;1mSQL (0.8ms)[0m   [0;1mdescribe `catalogs`[0m
  [4;35;1mSQL (0.4ms)[0m   [0mSHOW KEYS FROM `catalogs`[0m
  [4;36;1mSQL (0.8ms)[0m   [0;1mSHOW FIELDS FROM `countries`[0m
  [4;35;1mSQL (0.8ms)[0m   [0mdescribe `countries`[0m
  [4;36;1mSQL (0.4ms)[0m   [0;1mSHOW KEYS FROM `countries`[0m
  [4;35;1mSQL (1.0ms)[0m   [0mSHOW FIELDS FROM `customers`[0m
  [4;36;1mSQL (1.0ms)[0m   [0;1mdescribe `customers`[0m
  [4;35;1mSQL (0.4ms)[0m   [0mSHOW KEYS FROM `customers`[0m
  [4;36;1mSQL (0.8ms)[0m   [0;1mSHOW FIELDS FROM `inventories`[0m
  [4;35;1mSQL (0.8ms)[0m   [0mdescribe `inventories`[0m
  [4;36;1mSQL (0.4ms)[0m   [0;1mSHOW KEYS FROM `inventories`[0m
  [4;35;1mSQL (1.0ms)[0m   [0mSHOW FIELDS FROM `items`[0m
  [4;36;1mSQL (0.9ms)[0m   [0;1mdescribe `items`[0m
  [4;35;1mSQL (0.4ms)[0m   [0mSHOW KEYS FROM `items`[0m
  [4;36;1mSQL (0.8ms)[0m   [0;1mSHOW FIELDS FROM `order_items`[0m
  [4;35;1mSQL (0.7ms)[0m   [0mdescribe `order_items`[0m
  [4;36;1mSQL (0.4ms)[0m   [0;1mSHOW KEYS FROM `order_items`[0m
  [4;35;1mSQL (0.9ms)[0m   [0mSHOW FIELDS FROM `orders`[0m
  [4;36;1mSQL (0.9ms)[0m   [0;1mdescribe `orders`[0m
  [4;35;1mSQL (0.4ms)[0m   [0mSHOW KEYS FROM `orders`[0m
  [4;36;1mSQL (0.2ms)[0m   [0;1mSET SQL_AUTO_IS_NULL=0[0m
  [4;35;1mSQL (0.4ms)[0m   [0mSHOW TABLES[0m
  [4;36;1mSQL (0.2ms)[0m   [0;1mSELECT version FROM schema_migrations[0m
Migrating to CreateItems (20131021203206)
Migrating to CreateInventories (20131021205131)
Migrating to CreateCatalogs (20131021205722)
Migrating to CreateCountries (20131021211409)
Migrating to CreateCustomers (20131021212005)
Migrating to CreateCarts (20131021213917)
Migrating to CreateOrders (20131021214609)
Migrating to CreateOrderItems (20131021214730)
Migrating to RemoveSalePriceFromCatalog (20131023213053)
Migrating to AddNameToCatalog (20131023214811)
Migrating to AddCatalogToItems (20131023214856)
Migrating to AddHasManyToCatalog (20131023215545)
  [4;35;1mSQL (0.0ms)[0m   [0mMysql::Error: You have an error in your SQL syntax; check the manual that corresponds to your MySQL server version for the right syntax to use near 'items' at line 1: ALTER TABLE `catalogs` ADD `has_many` items[0m
  [4;36;1mSQL (0.2ms)[0m   [0;1mSET SQL_AUTO_IS_NULL=0[0m
  [4;35;1mSQL (0.4ms)[0m   [0mSHOW TABLES[0m
  [4;36;1mSQL (0.2ms)[0m   [0;1mSELECT version FROM schema_migrations[0m
Migrating to CreateItems (20131021203206)
Migrating to CreateInventories (20131021205131)
Migrating to CreateCatalogs (20131021205722)
Migrating to CreateCountries (20131021211409)
Migrating to CreateCustomers (20131021212005)
Migrating to CreateOrders (20131021214609)
Migrating to CreateOrderItems (20131021214730)
Migrating to RemoveSalePriceFromCatalog (20131023213053)
Migrating to AddNameToCatalog (20131023214811)
Migrating to AddCatalogToItems (20131023214856)
  [4;35;1mSQL (0.3ms)[0m   [0mSHOW TABLES[0m
  [4;36;1mSQL (0.2ms)[0m   [0;1mSELECT version FROM schema_migrations[0m
  [4;35;1mSQL (0.3ms)[0m   [0mSHOW TABLES[0m
  [4;36;1mSQL (0.9ms)[0m   [0;1mSHOW FIELDS FROM `carts`[0m
  [4;35;1mSQL (0.7ms)[0m   [0mdescribe `carts`[0m
  [4;36;1mSQL (0.4ms)[0m   [0;1mSHOW KEYS FROM `carts`[0m
  [4;35;1mSQL (0.8ms)[0m   [0mSHOW FIELDS FROM `catalogs`[0m
  [4;36;1mSQL (0.8ms)[0m   [0;1mdescribe `catalogs`[0m
  [4;35;1mSQL (0.4ms)[0m   [0mSHOW KEYS FROM `catalogs`[0m
  [4;36;1mSQL (0.8ms)[0m   [0;1mSHOW FIELDS FROM `countries`[0m
  [4;35;1mSQL (0.8ms)[0m   [0mdescribe `countries`[0m
  [4;36;1mSQL (0.4ms)[0m   [0;1mSHOW KEYS FROM `countries`[0m
  [4;35;1mSQL (1.0ms)[0m   [0mSHOW FIELDS FROM `customers`[0m
  [4;36;1mSQL (1.0ms)[0m   [0;1mdescribe `customers`[0m
  [4;35;1mSQL (0.4ms)[0m   [0mSHOW KEYS FROM `customers`[0m
  [4;36;1mSQL (0.8ms)[0m   [0;1mSHOW FIELDS FROM `inventories`[0m
  [4;35;1mSQL (0.8ms)[0m   [0mdescribe `inventories`[0m
  [4;36;1mSQL (0.4ms)[0m   [0;1mSHOW KEYS FROM `inventories`[0m
  [4;35;1mSQL (0.9ms)[0m   [0mSHOW FIELDS FROM `items`[0m
  [4;36;1mSQL (0.9ms)[0m   [0;1mdescribe `items`[0m
  [4;35;1mSQL (0.4ms)[0m   [0mSHOW KEYS FROM `items`[0m
  [4;36;1mSQL (0.8ms)[0m   [0;1mSHOW FIELDS FROM `order_items`[0m
  [4;35;1mSQL (0.7ms)[0m   [0mdescribe `order_items`[0m
  [4;36;1mSQL (0.4ms)[0m   [0;1mSHOW KEYS FROM `order_items`[0m
  [4;35;1mSQL (0.9ms)[0m   [0mSHOW FIELDS FROM `orders`[0m
  [4;36;1mSQL (0.9ms)[0m   [0;1mdescribe `orders`[0m
  [4;35;1mSQL (0.4ms)[0m   [0mSHOW KEYS FROM `orders`[0m
  [4;36;1mSQL (0.2ms)[0m   [0;1mSET SQL_AUTO_IS_NULL=0[0m
  [4;35;1mSQL (0.4ms)[0m   [0mSHOW TABLES[0m
  [4;36;1mSQL (0.2ms)[0m   [0;1mSELECT version FROM schema_migrations[0m
Migrating to CreateItems (20131021203206)
Migrating to CreateCountries (20131021211409)
Migrating to CreateCustomers (20131021212005)
Migrating to RemoveSalePriceFromCatalog (20131023213053)
Migrating to AddNameToCatalog (20131023214811)
Migrating to AddCatalogToItems (20131023214856)
  [4;35;1mSQL (0.3ms)[0m   [0mSHOW TABLES[0m
  [4;36;1mSQL (0.2ms)[0m   [0;1mSELECT version FROM schema_migrations[0m
  [4;35;1mSQL (0.3ms)[0m   [0mSHOW TABLES[0m
  [4;36;1mSQL (0.9ms)[0m   [0;1mSHOW FIELDS FROM `carts`[0m
  [4;35;1mSQL (0.7ms)[0m   [0mdescribe `carts`[0m
  [4;36;1mSQL (0.4ms)[0m   [0;1mSHOW KEYS FROM `carts`[0m
  [4;35;1mSQL (0.8ms)[0m   [0mSHOW FIELDS FROM `catalogs`[0m
  [4;36;1mSQL (0.8ms)[0m   [0;1mdescribe `catalogs`[0m
  [4;35;1mSQL (0.4ms)[0m   [0mSHOW KEYS FROM `catalogs`[0m
  [4;36;1mSQL (0.8ms)[0m   [0;1mSHOW FIELDS FROM `countries`[0m
  [4;35;1mSQL (0.8ms)[0m   [0mdescribe `countries`[0m
  [4;36;1mSQL (0.4ms)[0m   [0;1mSHOW KEYS FROM `countries`[0m
  [4;35;1mSQL (1.0ms)[0m   [0mSHOW FIELDS FROM `customers`[0m
  [4;36;1mSQL (1.0ms)[0m   [0;1mdescribe `customers`[0m
  [4;35;1mSQL (0.4ms)[0m   [0mSHOW KEYS FROM `customers`[0m
  [4;36;1mSQL (0.8ms)[0m   [0;1mSHOW FIELDS FROM `inventories`[0m
  [4;35;1mSQL (0.8ms)[0m   [0mdescribe `inventories`[0m
  [4;36;1mSQL (0.4ms)[0m   [0;1mSHOW KEYS FROM `inventories`[0m
  [4;35;1mSQL (0.9ms)[0m   [0mSHOW FIELDS FROM `items`[0m
  [4;36;1mSQL (0.9ms)[0m   [0;1mdescribe `items`[0m
  [4;35;1mSQL (0.4ms)[0m   [0mSHOW KEYS FROM `items`[0m
  [4;36;1mSQL (0.8ms)[0m   [0;1mSHOW FIELDS FROM `order_items`[0m
  [4;35;1mSQL (0.8ms)[0m   [0mdescribe `order_items`[0m
  [4;36;1mSQL (0.4ms)[0m   [0;1mSHOW KEYS FROM `order_items`[0m
  [4;35;1mSQL (0.9ms)[0m   [0mSHOW FIELDS FROM `orders`[0m
  [4;36;1mSQL (0.9ms)[0m   [0;1mdescribe `orders`[0m
  [4;35;1mSQL (0.4ms)[0m   [0mSHOW KEYS FROM `orders`[0m
  [4;36;1mSQL (0.2ms)[0m   [0;1mSET SQL_AUTO_IS_NULL=0[0m
  [4;35;1mSQL (0.4ms)[0m   [0mSHOW TABLES[0m
  [4;36;1mSQL (0.2ms)[0m   [0;1mSELECT version FROM schema_migrations[0m
  [4;35;1mSQL (0.3ms)[0m   [0mSHOW TABLES[0m
  [4;36;1mSQL (0.2ms)[0m   [0;1mSELECT version FROM schema_migrations[0m
Migrating to AddCatalogToItems (20131023214856)
  [4;35;1mSQL (117.0ms)[0m   [0mALTER TABLE `items` DROP `catalog_id`[0m
  [4;36;1mSQL (7.8ms)[0m   [0;1mDELETE FROM schema_migrations WHERE version = '20131023214856'[0m
  [4;35;1mSQL (0.4ms)[0m   [0mSHOW TABLES[0m
  [4;36;1mSQL (0.3ms)[0m   [0;1mSELECT version FROM schema_migrations[0m
  [4;35;1mSQL (0.3ms)[0m   [0mSHOW TABLES[0m
  [4;36;1mSQL (0.8ms)[0m   [0;1mSHOW FIELDS FROM `carts`[0m
  [4;35;1mSQL (0.7ms)[0m   [0mdescribe `carts`[0m
  [4;36;1mSQL (0.4ms)[0m   [0;1mSHOW KEYS FROM `carts`[0m
  [4;35;1mSQL (0.8ms)[0m   [0mSHOW FIELDS FROM `catalogs`[0m
  [4;36;1mSQL (0.7ms)[0m   [0;1mdescribe `catalogs`[0m
  [4;35;1mSQL (0.4ms)[0m   [0mSHOW KEYS FROM `catalogs`[0m
  [4;36;1mSQL (0.7ms)[0m   [0;1mSHOW FIELDS FROM `countries`[0m
  [4;35;1mSQL (0.8ms)[0m   [0mdescribe `countries`[0m
  [4;36;1mSQL (0.4ms)[0m   [0;1mSHOW KEYS FROM `countries`[0m
  [4;35;1mSQL (1.0ms)[0m   [0mSHOW FIELDS FROM `customers`[0m
  [4;36;1mSQL (1.0ms)[0m   [0;1mdescribe `customers`[0m
  [4;35;1mSQL (0.4ms)[0m   [0mSHOW KEYS FROM `customers`[0m
  [4;36;1mSQL (0.8ms)[0m   [0;1mSHOW FIELDS FROM `inventories`[0m
  [4;35;1mSQL (0.7ms)[0m   [0mdescribe `inventories`[0m
  [4;36;1mSQL (0.4ms)[0m   [0;1mSHOW KEYS FROM `inventories`[0m
  [4;35;1mSQL (0.9ms)[0m   [0mSHOW FIELDS FROM `items`[0m
  [4;36;1mSQL (0.8ms)[0m   [0;1mdescribe `items`[0m
  [4;35;1mSQL (0.4ms)[0m   [0mSHOW KEYS FROM `items`[0m
  [4;36;1mSQL (0.7ms)[0m   [0;1mSHOW FIELDS FROM `order_items`[0m
  [4;35;1mSQL (0.7ms)[0m   [0mdescribe `order_items`[0m
  [4;36;1mSQL (0.4ms)[0m   [0;1mSHOW KEYS FROM `order_items`[0m
  [4;35;1mSQL (0.9ms)[0m   [0mSHOW FIELDS FROM `orders`[0m
  [4;36;1mSQL (0.9ms)[0m   [0;1mdescribe `orders`[0m
  [4;35;1mSQL (0.4ms)[0m   [0mSHOW KEYS FROM `orders`[0m
  [4;36;1mSQL (0.2ms)[0m   [0;1mSET SQL_AUTO_IS_NULL=0[0m
  [4;35;1mSQL (0.4ms)[0m   [0mSHOW TABLES[0m
  [4;36;1mSQL (0.2ms)[0m   [0;1mSELECT version FROM schema_migrations[0m
  [4;35;1mSQL (0.3ms)[0m   [0mSHOW TABLES[0m
  [4;36;1mSQL (0.2ms)[0m   [0;1mSELECT version FROM schema_migrations[0m
Migrating to AddNameToCatalog (20131023214811)
  [4;35;1mSQL (107.6ms)[0m   [0mALTER TABLE `catalogs` DROP `name`[0m
  [4;36;1mSQL (7.7ms)[0m   [0;1mDELETE FROM schema_migrations WHERE version = '20131023214811'[0m
  [4;35;1mSQL (0.4ms)[0m   [0mSHOW TABLES[0m
  [4;36;1mSQL (0.3ms)[0m   [0;1mSELECT version FROM schema_migrations[0m
  [4;35;1mSQL (0.3ms)[0m   [0mSHOW TABLES[0m
  [4;36;1mSQL (0.8ms)[0m   [0;1mSHOW FIELDS FROM `carts`[0m
  [4;35;1mSQL (0.8ms)[0m   [0mdescribe `carts`[0m
  [4;36;1mSQL (0.4ms)[0m   [0;1mSHOW KEYS FROM `carts`[0m
  [4;35;1mSQL (0.8ms)[0m   [0mSHOW FIELDS FROM `catalogs`[0m
  [4;36;1mSQL (0.7ms)[0m   [0;1mdescribe `catalogs`[0m
  [4;35;1mSQL (0.4ms)[0m   [0mSHOW KEYS FROM `catalogs`[0m
  [4;36;1mSQL (0.8ms)[0m   [0;1mSHOW FIELDS FROM `countries`[0m
  [4;35;1mSQL (0.8ms)[0m   [0mdescribe `countries`[0m
  [4;36;1mSQL (0.4ms)[0m   [0;1mSHOW KEYS FROM `countries`[0m
  [4;35;1mSQL (1.0ms)[0m   [0mSHOW FIELDS FROM `customers`[0m
  [4;36;1mSQL (1.0ms)[0m   [0;1mdescribe `customers`[0m
  [4;35;1mSQL (0.4ms)[0m   [0mSHOW KEYS FROM `customers`[0m
  [4;36;1mSQL (0.8ms)[0m   [0;1mSHOW FIELDS FROM `inventories`[0m
  [4;35;1mSQL (0.8ms)[0m   [0mdescribe `inventories`[0m
  [4;36;1mSQL (0.4ms)[0m   [0;1mSHOW KEYS FROM `inventories`[0m
  [4;35;1mSQL (0.8ms)[0m   [0mSHOW FIELDS FROM `items`[0m
  [4;36;1mSQL (0.8ms)[0m   [0;1mdescribe `items`[0m
  [4;35;1mSQL (0.4ms)[0m   [0mSHOW KEYS FROM `items`[0m
  [4;36;1mSQL (0.8ms)[0m   [0;1mSHOW FIELDS FROM `order_items`[0m
  [4;35;1mSQL (0.8ms)[0m   [0mdescribe `order_items`[0m
  [4;36;1mSQL (0.4ms)[0m   [0;1mSHOW KEYS FROM `order_items`[0m
  [4;35;1mSQL (0.9ms)[0m   [0mSHOW FIELDS FROM `orders`[0m
  [4;36;1mSQL (0.9ms)[0m   [0;1mdescribe `orders`[0m
  [4;35;1mSQL (0.4ms)[0m   [0mSHOW KEYS FROM `orders`[0m
  [4;36;1mSQL (0.2ms)[0m   [0;1mSET SQL_AUTO_IS_NULL=0[0m
  [4;35;1mSQL (0.4ms)[0m   [0mSHOW TABLES[0m
  [4;36;1mSQL (0.2ms)[0m   [0;1mSELECT version FROM schema_migrations[0m
  [4;35;1mSQL (0.3ms)[0m   [0mSHOW TABLES[0m
  [4;36;1mSQL (0.2ms)[0m   [0;1mSELECT version FROM schema_migrations[0m
Migrating to RemoveSalePriceFromCatalog (20131023213053)
  [4;35;1mSQL (75.3ms)[0m   [0mALTER TABLE `catalogs` ADD `sale_price` float[0m
  [4;36;1mSQL (7.7ms)[0m   [0;1mDELETE FROM schema_migrations WHERE version = '20131023213053'[0m
  [4;35;1mSQL (0.4ms)[0m   [0mSHOW TABLES[0m
  [4;36;1mSQL (0.3ms)[0m   [0;1mSELECT version FROM schema_migrations[0m
  [4;35;1mSQL (0.3ms)[0m   [0mSHOW TABLES[0m
  [4;36;1mSQL (0.8ms)[0m   [0;1mSHOW FIELDS FROM `carts`[0m
  [4;35;1mSQL (0.7ms)[0m   [0mdescribe `carts`[0m
  [4;36;1mSQL (0.4ms)[0m   [0;1mSHOW KEYS FROM `carts`[0m
  [4;35;1mSQL (0.8ms)[0m   [0mSHOW FIELDS FROM `catalogs`[0m
  [4;36;1mSQL (0.7ms)[0m   [0;1mdescribe `catalogs`[0m
  [4;35;1mSQL (0.4ms)[0m   [0mSHOW KEYS FROM `catalogs`[0m
  [4;36;1mSQL (0.8ms)[0m   [0;1mSHOW FIELDS FROM `countries`[0m
  [4;35;1mSQL (0.8ms)[0m   [0mdescribe `countries`[0m
  [4;36;1mSQL (0.4ms)[0m   [0;1mSHOW KEYS FROM `countries`[0m
  [4;35;1mSQL (1.0ms)[0m   [0mSHOW FIELDS FROM `customers`[0m
  [4;36;1mSQL (1.0ms)[0m   [0;1mdescribe `customers`[0m
  [4;35;1mSQL (0.4ms)[0m   [0mSHOW KEYS FROM `customers`[0m
  [4;36;1mSQL (0.8ms)[0m   [0;1mSHOW FIELDS FROM `inventories`[0m
  [4;35;1mSQL (0.8ms)[0m   [0mdescribe `inventories`[0m
  [4;36;1mSQL (0.4ms)[0m   [0;1mSHOW KEYS FROM `inventories`[0m
  [4;35;1mSQL (0.8ms)[0m   [0mSHOW FIELDS FROM `items`[0m
  [4;36;1mSQL (0.8ms)[0m   [0;1mdescribe `items`[0m
  [4;35;1mSQL (0.4ms)[0m   [0mSHOW KEYS FROM `items`[0m
  [4;36;1mSQL (0.8ms)[0m   [0;1mSHOW FIELDS FROM `order_items`[0m
  [4;35;1mSQL (0.8ms)[0m   [0mdescribe `order_items`[0m
  [4;36;1mSQL (0.4ms)[0m   [0;1mSHOW KEYS FROM `order_items`[0m
  [4;35;1mSQL (0.9ms)[0m   [0mSHOW FIELDS FROM `orders`[0m
  [4;36;1mSQL (0.9ms)[0m   [0;1mdescribe `orders`[0m
  [4;35;1mSQL (0.4ms)[0m   [0mSHOW KEYS FROM `orders`[0m
  [4;36;1mSQL (0.2ms)[0m   [0;1mSET SQL_AUTO_IS_NULL=0[0m
  [4;35;1mSQL (0.4ms)[0m   [0mSHOW TABLES[0m
  [4;36;1mSQL (0.2ms)[0m   [0;1mSELECT version FROM schema_migrations[0m
  [4;35;1mSQL (0.4ms)[0m   [0mSHOW TABLES[0m
  [4;36;1mSQL (0.2ms)[0m   [0;1mSELECT version FROM schema_migrations[0m
  [4;35;1mSQL (0.3ms)[0m   [0mSHOW TABLES[0m
  [4;36;1mSQL (0.8ms)[0m   [0;1mSHOW FIELDS FROM `carts`[0m
  [4;35;1mSQL (0.8ms)[0m   [0mdescribe `carts`[0m
  [4;36;1mSQL (0.4ms)[0m   [0;1mSHOW KEYS FROM `carts`[0m
  [4;35;1mSQL (0.8ms)[0m   [0mSHOW FIELDS FROM `catalogs`[0m
  [4;36;1mSQL (0.8ms)[0m   [0;1mdescribe `catalogs`[0m
  [4;35;1mSQL (0.4ms)[0m   [0mSHOW KEYS FROM `catalogs`[0m
  [4;36;1mSQL (0.8ms)[0m   [0;1mSHOW FIELDS FROM `countries`[0m
  [4;35;1mSQL (0.8ms)[0m   [0mdescribe `countries`[0m
  [4;36;1mSQL (0.4ms)[0m   [0;1mSHOW KEYS FROM `countries`[0m
  [4;35;1mSQL (1.0ms)[0m   [0mSHOW FIELDS FROM `customers`[0m
  [4;36;1mSQL (1.0ms)[0m   [0;1mdescribe `customers`[0m
  [4;35;1mSQL (0.4ms)[0m   [0mSHOW KEYS FROM `customers`[0m
  [4;36;1mSQL (0.8ms)[0m   [0;1mSHOW FIELDS FROM `inventories`[0m
  [4;35;1mSQL (0.7ms)[0m   [0mdescribe `inventories`[0m
  [4;36;1mSQL (0.4ms)[0m   [0;1mSHOW KEYS FROM `inventories`[0m
  [4;35;1mSQL (0.8ms)[0m   [0mSHOW FIELDS FROM `items`[0m
  [4;36;1mSQL (0.8ms)[0m   [0;1mdescribe `items`[0m
  [4;35;1mSQL (0.4ms)[0m   [0mSHOW KEYS FROM `items`[0m
  [4;36;1mSQL (0.8ms)[0m   [0;1mSHOW FIELDS FROM `order_items`[0m
  [4;35;1mSQL (0.8ms)[0m   [0mdescribe `order_items`[0m
  [4;36;1mSQL (0.4ms)[0m   [0;1mSHOW KEYS FROM `order_items`[0m
  [4;35;1mSQL (0.9ms)[0m   [0mSHOW FIELDS FROM `orders`[0m
  [4;36;1mSQL (0.9ms)[0m   [0;1mdescribe `orders`[0m
  [4;35;1mSQL (0.4ms)[0m   [0mSHOW KEYS FROM `orders`[0m
  [4;36;1mSQL (0.2ms)[0m   [0;1mSET SQL_AUTO_IS_NULL=0[0m
  [4;35;1mSQL (0.4ms)[0m   [0mSHOW TABLES[0m
  [4;36;1mSQL (0.2ms)[0m   [0;1mSELECT version FROM schema_migrations[0m
  [4;35;1mSQL (0.3ms)[0m   [0mSHOW TABLES[0m
  [4;36;1mSQL (0.2ms)[0m   [0;1mSELECT version FROM schema_migrations[0m
  [4;35;1mSQL (0.3ms)[0m   [0mSHOW TABLES[0m
  [4;36;1mSQL (0.8ms)[0m   [0;1mSHOW FIELDS FROM `carts`[0m
  [4;35;1mSQL (0.7ms)[0m   [0mdescribe `carts`[0m
  [4;36;1mSQL (0.4ms)[0m   [0;1mSHOW KEYS FROM `carts`[0m
  [4;35;1mSQL (0.8ms)[0m   [0mSHOW FIELDS FROM `catalogs`[0m
  [4;36;1mSQL (0.8ms)[0m   [0;1mdescribe `catalogs`[0m
  [4;35;1mSQL (0.4ms)[0m   [0mSHOW KEYS FROM `catalogs`[0m
  [4;36;1mSQL (0.8ms)[0m   [0;1mSHOW FIELDS FROM `countries`[0m
  [4;35;1mSQL (0.8ms)[0m   [0mdescribe `countries`[0m
  [4;36;1mSQL (0.4ms)[0m   [0;1mSHOW KEYS FROM `countries`[0m
  [4;35;1mSQL (1.0ms)[0m   [0mSHOW FIELDS FROM `customers`[0m
  [4;36;1mSQL (1.0ms)[0m   [0;1mdescribe `customers`[0m
  [4;35;1mSQL (0.4ms)[0m   [0mSHOW KEYS FROM `customers`[0m
  [4;36;1mSQL (0.8ms)[0m   [0;1mSHOW FIELDS FROM `inventories`[0m
  [4;35;1mSQL (0.7ms)[0m   [0mdescribe `inventories`[0m
  [4;36;1mSQL (0.4ms)[0m   [0;1mSHOW KEYS FROM `inventories`[0m
  [4;35;1mSQL (0.8ms)[0m   [0mSHOW FIELDS FROM `items`[0m
  [4;36;1mSQL (0.8ms)[0m   [0;1mdescribe `items`[0m
  [4;35;1mSQL (0.4ms)[0m   [0mSHOW KEYS FROM `items`[0m
  [4;36;1mSQL (0.8ms)[0m   [0;1mSHOW FIELDS FROM `order_items`[0m
  [4;35;1mSQL (0.7ms)[0m   [0mdescribe `order_items`[0m
  [4;36;1mSQL (0.4ms)[0m   [0;1mSHOW KEYS FROM `order_items`[0m
  [4;35;1mSQL (0.9ms)[0m   [0mSHOW FIELDS FROM `orders`[0m
  [4;36;1mSQL (0.9ms)[0m   [0;1mdescribe `orders`[0m
  [4;35;1mSQL (0.4ms)[0m   [0mSHOW KEYS FROM `orders`[0m
  [4;36;1mSQL (0.2ms)[0m   [0;1mSET SQL_AUTO_IS_NULL=0[0m
  [4;35;1mSQL (0.3ms)[0m   [0mSHOW TABLES[0m
  [4;36;1mSQL (82.4ms)[0m   [0;1mCREATE TABLE `schema_migrations` (`version` varchar(255) NOT NULL) ENGINE=InnoDB[0m
  [4;35;1mSQL (0.5ms)[0m   [0mSHOW KEYS FROM `schema_migrations`[0m
  [4;36;1mSQL (99.8ms)[0m   [0;1mCREATE UNIQUE INDEX `unique_schema_migrations` ON `schema_migrations` (`version`)[0m
  [4;35;1mSQL (0.5ms)[0m   [0mSHOW TABLES[0m
  [4;36;1mSQL (0.3ms)[0m   [0;1mSELECT version FROM schema_migrations[0m
Migrating to CreateItems (20131023221045)
  [4;35;1mSQL (36.6ms)[0m   [0mCREATE TABLE `items` (`id` int(11) DEFAULT NULL auto_increment PRIMARY KEY, `name` varchar(255), `description` text, `price` float, `created_at` datetime, `updated_at` datetime) ENGINE=InnoDB[0m
  [4;36;1mSQL (7.7ms)[0m   [0;1mINSERT INTO schema_migrations (version) VALUES ('20131023221045')[0m
Migrating to CreateCustomers (20131023221403)
  [4;35;1mSQL (39.3ms)[0m   [0mCREATE TABLE `customers` (`id` int(11) DEFAULT NULL auto_increment PRIMARY KEY, `name` varchar(255), `address` varchar(255), `phone` varchar(255), `password` varchar(255), `created_at` datetime, `updated_at` datetime) ENGINE=InnoDB[0m
  [4;36;1mSQL (7.8ms)[0m   [0;1mINSERT INTO schema_migrations (version) VALUES ('20131023221403')[0m
Migrating to CreateInventories (20131023221701)
  [4;35;1mSQL (39.7ms)[0m   [0mCREATE TABLE `inventories` (`id` int(11) DEFAULT NULL auto_increment PRIMARY KEY, `location` varchar(255), `created_at` datetime, `updated_at` datetime) ENGINE=InnoDB[0m
  [4;36;1mSQL (7.8ms)[0m   [0;1mINSERT INTO schema_migrations (version) VALUES ('20131023221701')[0m
Migrating to CreateCatalogs (20131023221758)
  [4;35;1mSQL (48.0ms)[0m   [0mCREATE TABLE `catalogs` (`id` int(11) DEFAULT NULL auto_increment PRIMARY KEY, `name` varchar(255), `created_at` datetime, `updated_at` datetime) ENGINE=InnoDB[0m
  [4;36;1mSQL (16.3ms)[0m   [0;1mINSERT INTO schema_migrations (version) VALUES ('20131023221758')[0m
Migrating to CreateOrders (20131023221903)
  [4;35;1mSQL (64.5ms)[0m   [0mCREATE TABLE `orders` (`id` int(11) DEFAULT NULL auto_increment PRIMARY KEY, `created_at` datetime, `updated_at` datetime) ENGINE=InnoDB[0m
  [4;36;1mSQL (16.2ms)[0m   [0;1mINSERT INTO schema_migrations (version) VALUES ('20131023221903')[0m
Migrating to CreateCarts (20131023222008)
  [4;35;1mSQL (119.3ms)[0m   [0mCREATE TABLE `carts` (`id` int(11) DEFAULT NULL auto_increment PRIMARY KEY, `created_at` datetime, `updated_at` datetime) ENGINE=InnoDB[0m
  [4;36;1mSQL (7.9ms)[0m   [0;1mINSERT INTO schema_migrations (version) VALUES ('20131023222008')[0m
  [4;35;1mSQL (0.4ms)[0m   [0mSHOW TABLES[0m
  [4;36;1mSQL (0.3ms)[0m   [0;1mSELECT version FROM schema_migrations[0m
  [4;35;1mSQL (0.3ms)[0m   [0mSHOW TABLES[0m
  [4;36;1mSQL (0.9ms)[0m   [0;1mSHOW FIELDS FROM `carts`[0m
  [4;35;1mSQL (0.7ms)[0m   [0mdescribe `carts`[0m
  [4;36;1mSQL (0.4ms)[0m   [0;1mSHOW KEYS FROM `carts`[0m
  [4;35;1mSQL (0.9ms)[0m   [0mSHOW FIELDS FROM `catalogs`[0m
  [4;36;1mSQL (0.8ms)[0m   [0;1mdescribe `catalogs`[0m
  [4;35;1mSQL (0.4ms)[0m   [0mSHOW KEYS FROM `catalogs`[0m
  [4;36;1mSQL (1.0ms)[0m   [0;1mSHOW FIELDS FROM `customers`[0m
  [4;35;1mSQL (0.9ms)[0m   [0mdescribe `customers`[0m
  [4;36;1mSQL (0.4ms)[0m   [0;1mSHOW KEYS FROM `customers`[0m
  [4;35;1mSQL (0.8ms)[0m   [0mSHOW FIELDS FROM `inventories`[0m
  [4;36;1mSQL (0.8ms)[0m   [0;1mdescribe `inventories`[0m
  [4;35;1mSQL (0.4ms)[0m   [0mSHOW KEYS FROM `inventories`[0m
  [4;36;1mSQL (0.9ms)[0m   [0;1mSHOW FIELDS FROM `items`[0m
  [4;35;1mSQL (0.8ms)[0m   [0mdescribe `items`[0m
  [4;36;1mSQL (0.4ms)[0m   [0;1mSHOW KEYS FROM `items`[0m
  [4;35;1mSQL (0.8ms)[0m   [0mSHOW FIELDS FROM `orders`[0m
  [4;36;1mSQL (0.7ms)[0m   [0;1mdescribe `orders`[0m
  [4;35;1mSQL (0.4ms)[0m   [0mSHOW KEYS FROM `orders`[0m
  [4;36;1mSQL (0.2ms)[0m   [0;1mSET SQL_AUTO_IS_NULL=0[0m
  [4;35;1mSQL (0.4ms)[0m   [0mSHOW TABLES[0m
  [4;36;1mCart Columns (0.8ms)[0m   [0;1mSHOW FIELDS FROM `carts`[0m
  [4;36;1mSQL (0.2ms)[0m   [0;1mSET SQL_AUTO_IS_NULL=0[0m
  [4;35;1mSQL (0.4ms)[0m   [0mSHOW TABLES[0m
  [4;36;1mSQL (0.2ms)[0m   [0;1mSELECT version FROM schema_migrations[0m
Migrating to CreateItems (20131023221045)
Migrating to CreateCustomers (20131023221403)
Migrating to CreateInventories (20131023221701)
Migrating to CreateCatalogs (20131023221758)
Migrating to CreateOrders (20131023221903)
Migrating to CreateCarts (20131023222008)
Migrating to AddCatalogToItems (20131023222210)
  [4;35;1mSQL (113.3ms)[0m   [0mALTER TABLE `items` ADD `catalog_id` int[0m
  [4;36;1mSQL (7.7ms)[0m   [0;1mINSERT INTO schema_migrations (version) VALUES ('20131023222210')[0m
Migrating to AddBelongsToToItems (20131023222438)
  [4;35;1mSQL (0.0ms)[0m   [0mMysql::Error: You have an error in your SQL syntax; check the manual that corresponds to your MySQL server version for the right syntax to use near 'catalog' at line 1: ALTER TABLE `items` ADD `belongs_to` catalog[0m
  [4;36;1mSQL (0.2ms)[0m   [0;1mSET SQL_AUTO_IS_NULL=0[0m
  [4;35;1mSQL (0.4ms)[0m   [0mSHOW TABLES[0m
  [4;36;1mSQL (0.4ms)[0m   [0;1mSELECT version FROM schema_migrations[0m
Migrating to CreateItems (20131023221045)
Migrating to CreateCustomers (20131023221403)
Migrating to CreateInventories (20131023221701)
Migrating to CreateCatalogs (20131023221758)
Migrating to CreateOrders (20131023221903)
Migrating to CreateCarts (20131023222008)
Migrating to AddCatalogToItems (20131023222210)
Migrating to AddBelongsToToCart (20131023222457)
  [4;35;1mSQL (0.0ms)[0m   [0mMysql::Error: You have an error in your SQL syntax; check the manual that corresponds to your MySQL server version for the right syntax to use near 'customer' at line 1: ALTER TABLE `carts` ADD `belongs_to` customer[0m
  [4;36;1mSQL (0.2ms)[0m   [0;1mSET SQL_AUTO_IS_NULL=0[0m
  [4;35;1mSQL (0.4ms)[0m   [0mSHOW TABLES[0m
  [4;36;1mSQL (0.2ms)[0m   [0;1mSELECT version FROM schema_migrations[0m
Migrating to CreateItems (20131023221045)
Migrating to CreateCustomers (20131023221403)
Migrating to CreateInventories (20131023221701)
Migrating to CreateCatalogs (20131023221758)
Migrating to CreateOrders (20131023221903)
Migrating to CreateCarts (20131023222008)
Migrating to AddCatalogToItems (20131023222210)
Migrating to AddBelongsToItems (20131023222745)
  [4;35;1mSQL (0.0ms)[0m   [0mMysql::Error: You have an error in your SQL syntax; check the manual that corresponds to your MySQL server version for the right syntax to use near 'catalog' at line 1: ALTER TABLE `items` ADD `belongs_to` catalog[0m
  [4;36;1mSQL (0.2ms)[0m   [0;1mSET SQL_AUTO_IS_NULL=0[0m
  [4;35;1mSQL (0.4ms)[0m   [0mSHOW TABLES[0m
  [4;36;1mSQL (0.2ms)[0m   [0;1mSELECT version FROM schema_migrations[0m
Migrating to CreateItems (20131023221045)
Migrating to CreateCustomers (20131023221403)
Migrating to CreateInventories (20131023221701)
Migrating to CreateCatalogs (20131023221758)
Migrating to CreateOrders (20131023221903)
Migrating to CreateCarts (20131023222008)
Migrating to AddCatalogToItems (20131023222210)
Migrating to AddHasOneToItems (20131023223117)
  [4;35;1mSQL (0.0ms)[0m   [0mMysql::Error: You have an error in your SQL syntax; check the manual that corresponds to your MySQL server version for the right syntax to use near 'catalog' at line 1: ALTER TABLE `items` ADD `has_one` catalog[0m
  [4;36;1mSQL (0.2ms)[0m   [0;1mSET SQL_AUTO_IS_NULL=0[0m
  [4;35;1mSQL (0.4ms)[0m   [0mSHOW TABLES[0m
  [4;36;1mSQL (0.2ms)[0m   [0;1mSELECT version FROM schema_migrations[0m
Migrating to CreateItems (20131023221045)
Migrating to CreateCustomers (20131023221403)
Migrating to CreateInventories (20131023221701)
Migrating to CreateCatalogs (20131023221758)
Migrating to CreateOrders (20131023221903)
Migrating to CreateCarts (20131023222008)
Migrating to AddCatalogToItems (20131023222210)
Migrating to AddCatalogOwnershipToItems (20131023223922)
  [4;35;1mSQL (0.0ms)[0m   [0mMysql::Error: You have an error in your SQL syntax; check the manual that corresponds to your MySQL server version for the right syntax to use near 'catalog' at line 1: ALTER TABLE `items` ADD `belongs_to` catalog[0m
  [4;36;1mSQL (0.2ms)[0m   [0;1mSET SQL_AUTO_IS_NULL=0[0m
  [4;35;1mSQL (0.4ms)[0m   [0mSHOW TABLES[0m
  [4;36;1mSQL (0.2ms)[0m   [0;1mSELECT version FROM schema_migrations[0m
Migrating to CreateItems (20131023221045)
Migrating to CreateCustomers (20131023221403)
Migrating to CreateInventories (20131023221701)
Migrating to CreateCatalogs (20131023221758)
Migrating to CreateOrders (20131023221903)
Migrating to CreateCarts (20131023222008)
Migrating to AddCatalogToItems (20131023222210)
Migrating to AddCatalogOwnershipToItems (20131023223922)
  [4;35;1mSQL (0.0ms)[0m   [0mMysql::Error: You have an error in your SQL syntax; check the manual that corresponds to your MySQL server version for the right syntax to use near 'catalog' at line 1: ALTER TABLE `items` ADD `belongs_to` catalog[0m
  [4;36;1mSQL (0.2ms)[0m   [0;1mSET SQL_AUTO_IS_NULL=0[0m
  [4;35;1mSQL (0.4ms)[0m   [0mSHOW TABLES[0m
  [4;36;1mSQL (0.2ms)[0m   [0;1mSELECT version FROM schema_migrations[0m
Migrating to CreateItems (20131023221045)
Migrating to CreateCustomers (20131023221403)
Migrating to CreateInventories (20131023221701)
Migrating to CreateCatalogs (20131023221758)
Migrating to CreateOrders (20131023221903)
Migrating to CreateCarts (20131023222008)
Migrating to AddCatalogToItems (20131023222210)
  [4;35;1mSQL (0.3ms)[0m   [0mSHOW TABLES[0m
  [4;36;1mSQL (0.2ms)[0m   [0;1mSELECT version FROM schema_migrations[0m
  [4;35;1mSQL (0.3ms)[0m   [0mSHOW TABLES[0m
  [4;36;1mSQL (0.9ms)[0m   [0;1mSHOW FIELDS FROM `carts`[0m
  [4;35;1mSQL (0.7ms)[0m   [0mdescribe `carts`[0m
  [4;36;1mSQL (0.4ms)[0m   [0;1mSHOW KEYS FROM `carts`[0m
  [4;35;1mSQL (0.8ms)[0m   [0mSHOW FIELDS FROM `catalogs`[0m
  [4;36;1mSQL (0.8ms)[0m   [0;1mdescribe `catalogs`[0m
  [4;35;1mSQL (0.4ms)[0m   [0mSHOW KEYS FROM `catalogs`[0m
  [4;36;1mSQL (0.9ms)[0m   [0;1mSHOW FIELDS FROM `customers`[0m
  [4;35;1mSQL (0.9ms)[0m   [0mdescribe `customers`[0m
  [4;36;1mSQL (0.4ms)[0m   [0;1mSHOW KEYS FROM `customers`[0m
  [4;35;1mSQL (0.8ms)[0m   [0mSHOW FIELDS FROM `inventories`[0m
  [4;36;1mSQL (0.8ms)[0m   [0;1mdescribe `inventories`[0m
  [4;35;1mSQL (0.4ms)[0m   [0mSHOW KEYS FROM `inventories`[0m
  [4;36;1mSQL (0.9ms)[0m   [0;1mSHOW FIELDS FROM `items`[0m
  [4;35;1mSQL (0.9ms)[0m   [0mdescribe `items`[0m
  [4;36;1mSQL (0.4ms)[0m   [0;1mSHOW KEYS FROM `items`[0m
  [4;35;1mSQL (0.7ms)[0m   [0mSHOW FIELDS FROM `orders`[0m
  [4;36;1mSQL (0.7ms)[0m   [0;1mdescribe `orders`[0m
  [4;35;1mSQL (0.4ms)[0m   [0mSHOW KEYS FROM `orders`[0m
  [4;36;1mSQL (0.2ms)[0m   [0;1mSET SQL_AUTO_IS_NULL=0[0m
  [4;35;1mSQL (0.4ms)[0m   [0mSHOW TABLES[0m
  [4;36;1mSQL (0.2ms)[0m   [0;1mSELECT version FROM schema_migrations[0m
Migrating to CreateItems (20131023221045)
Migrating to CreateCustomers (20131023221403)
Migrating to CreateInventories (20131023221701)
Migrating to CreateCatalogs (20131023221758)
Migrating to CreateOrders (20131023221903)
Migrating to CreateCarts (20131023222008)
Migrating to AddCatalogToItems (20131023222210)
  [4;35;1mSQL (0.3ms)[0m   [0mSHOW TABLES[0m
  [4;36;1mSQL (0.2ms)[0m   [0;1mSELECT version FROM schema_migrations[0m
  [4;35;1mSQL (0.3ms)[0m   [0mSHOW TABLES[0m
  [4;36;1mSQL (0.8ms)[0m   [0;1mSHOW FIELDS FROM `carts`[0m
  [4;35;1mSQL (0.8ms)[0m   [0mdescribe `carts`[0m
  [4;36;1mSQL (0.4ms)[0m   [0;1mSHOW KEYS FROM `carts`[0m
  [4;35;1mSQL (0.8ms)[0m   [0mSHOW FIELDS FROM `catalogs`[0m
  [4;36;1mSQL (0.7ms)[0m   [0;1mdescribe `catalogs`[0m
  [4;35;1mSQL (0.4ms)[0m   [0mSHOW KEYS FROM `catalogs`[0m
  [4;36;1mSQL (0.9ms)[0m   [0;1mSHOW FIELDS FROM `customers`[0m
  [4;35;1mSQL (0.9ms)[0m   [0mdescribe `customers`[0m
  [4;36;1mSQL (0.4ms)[0m   [0;1mSHOW KEYS FROM `customers`[0m
  [4;35;1mSQL (0.8ms)[0m   [0mSHOW FIELDS FROM `inventories`[0m
  [4;36;1mSQL (0.8ms)[0m   [0;1mdescribe `inventories`[0m
  [4;35;1mSQL (0.4ms)[0m   [0mSHOW KEYS FROM `inventories`[0m
  [4;36;1mSQL (0.9ms)[0m   [0;1mSHOW FIELDS FROM `items`[0m
  [4;35;1mSQL (0.9ms)[0m   [0mdescribe `items`[0m
  [4;36;1mSQL (0.4ms)[0m   [0;1mSHOW KEYS FROM `items`[0m
  [4;35;1mSQL (0.7ms)[0m   [0mSHOW FIELDS FROM `orders`[0m
  [4;36;1mSQL (0.7ms)[0m   [0;1mdescribe `orders`[0m
  [4;35;1mSQL (0.4ms)[0m   [0mSHOW KEYS FROM `orders`[0m
  [4;36;1mSQL (0.2ms)[0m   [0;1mSET SQL_AUTO_IS_NULL=0[0m


Processing ApplicationController#index (for 127.0.0.1 at 2013-10-27 15:40:29) [GET]

ActionController::RoutingError (No route matches "/" with {:method=>:get}):
  /usr/lib/ruby/vendor_ruby/action_controller/routing/recognition_optimisation.rb:66:in `recognize_path'
  /usr/lib/ruby/vendor_ruby/action_controller/routing/route_set.rb:442:in `recognize'
  /usr/lib/ruby/vendor_ruby/action_controller/routing/route_set.rb:437:in `call'
  /usr/lib/ruby/vendor_ruby/action_controller/dispatcher.rb:87:in `dispatch'
  /usr/lib/ruby/vendor_ruby/action_controller/dispatcher.rb:121:in `_call'
  /usr/lib/ruby/vendor_ruby/action_controller/dispatcher.rb:130:in `build_middleware_stack'
  /usr/lib/ruby/vendor_ruby/active_record/query_cache.rb:29:in `call'
  /usr/lib/ruby/vendor_ruby/active_record/query_cache.rb:29:in `call'
  /usr/lib/ruby/vendor_ruby/active_record/connection_adapters/abstract/query_cache.rb:34:in `cache'
  /usr/lib/ruby/vendor_ruby/active_record/query_cache.rb:9:in `cache'
  /usr/lib/ruby/vendor_ruby/active_record/query_cache.rb:28:in `call'
  /usr/lib/ruby/vendor_ruby/active_record/connection_adapters/abstract/connection_pool.rb:361:in `call'
  /usr/lib/ruby/vendor_ruby/action_controller/string_coercion.rb:25:in `call'
  /usr/lib/ruby/vendor_ruby/rack/head.rb:9:in `call'
  /usr/lib/ruby/vendor_ruby/rack/methodoverride.rb:24:in `call'
  /usr/lib/ruby/vendor_ruby/action_controller/params_parser.rb:15:in `call'
  /usr/lib/ruby/vendor_ruby/action_controller/session/cookie_store.rb:99:in `call'
  /usr/lib/ruby/vendor_ruby/action_controller/failsafe.rb:26:in `call'
  /usr/lib/ruby/vendor_ruby/rack/lock.rb:15:in `call'
  /usr/lib/ruby/vendor_ruby/action_controller/dispatcher.rb:114:in `call'
  /usr/lib/ruby/vendor_ruby/action_controller/reloader.rb:34:in `run'
  /usr/lib/ruby/vendor_ruby/action_controller/dispatcher.rb:108:in `call'
  /usr/lib/ruby/vendor_ruby/rack/lint.rb:48:in `_call'
  /usr/lib/ruby/vendor_ruby/rack/lint.rb:36:in `call'
  /usr/lib/ruby/vendor_ruby/action_controller/integration.rb:317:in `process'
  /usr/lib/ruby/vendor_ruby/action_controller/integration.rb:197:in `get'
  (irb):1:in `irb_binding'
  /usr/lib/ruby/1.8/irb/workspace.rb:52:in `irb_binding'
  /usr/lib/ruby/1.8/irb/workspace.rb:52

Rendering rescues/layout (not_found)
  [4;35;1mSQL (0.2ms)[0m   [0mSET SQL_AUTO_IS_NULL=0[0m


Processing ApplicationController#index (for 127.0.0.1 at 2013-10-27 15:40:34) [GET]

ActionController::RoutingError (No route matches "/index" with {:method=>:get}):
  /usr/lib/ruby/vendor_ruby/action_controller/routing/recognition_optimisation.rb:66:in `recognize_path'
  /usr/lib/ruby/vendor_ruby/action_controller/routing/route_set.rb:442:in `recognize'
  /usr/lib/ruby/vendor_ruby/action_controller/routing/route_set.rb:437:in `call'
  /usr/lib/ruby/vendor_ruby/action_controller/dispatcher.rb:87:in `dispatch'
  /usr/lib/ruby/vendor_ruby/action_controller/dispatcher.rb:121:in `_call'
  /usr/lib/ruby/vendor_ruby/action_controller/dispatcher.rb:130:in `build_middleware_stack'
  /usr/lib/ruby/vendor_ruby/active_record/query_cache.rb:29:in `call'
  /usr/lib/ruby/vendor_ruby/active_record/query_cache.rb:29:in `call'
  /usr/lib/ruby/vendor_ruby/active_record/connection_adapters/abstract/query_cache.rb:34:in `cache'
  /usr/lib/ruby/vendor_ruby/active_record/query_cache.rb:9:in `cache'
  /usr/lib/ruby/vendor_ruby/active_record/query_cache.rb:28:in `call'
  /usr/lib/ruby/vendor_ruby/active_record/connection_adapters/abstract/connection_pool.rb:361:in `call'
  /usr/lib/ruby/vendor_ruby/action_controller/string_coercion.rb:25:in `call'
  /usr/lib/ruby/vendor_ruby/rack/head.rb:9:in `call'
  /usr/lib/ruby/vendor_ruby/rack/methodoverride.rb:24:in `call'
  /usr/lib/ruby/vendor_ruby/action_controller/params_parser.rb:15:in `call'
  /usr/lib/ruby/vendor_ruby/action_controller/session/cookie_store.rb:99:in `call'
  /usr/lib/ruby/vendor_ruby/action_controller/failsafe.rb:26:in `call'
  /usr/lib/ruby/vendor_ruby/rack/lock.rb:15:in `call'
  /usr/lib/ruby/vendor_ruby/action_controller/dispatcher.rb:114:in `call'
  /usr/lib/ruby/vendor_ruby/action_controller/reloader.rb:34:in `run'
  /usr/lib/ruby/vendor_ruby/action_controller/dispatcher.rb:108:in `call'
  /usr/lib/ruby/vendor_ruby/rack/lint.rb:48:in `_call'
  /usr/lib/ruby/vendor_ruby/rack/lint.rb:36:in `call'
  /usr/lib/ruby/vendor_ruby/action_controller/integration.rb:317:in `process'
  /usr/lib/ruby/vendor_ruby/action_controller/integration.rb:197:in `get'
  (irb):2:in `irb_binding'
  /usr/lib/ruby/1.8/irb/workspace.rb:52:in `irb_binding'
  /usr/lib/ruby/1.8/irb/workspace.rb:52

Rendering rescues/layout (not_found)
  [4;36;1mSQL (0.2ms)[0m   [0;1mSET SQL_AUTO_IS_NULL=0[0m


Processing ApplicationController#index (for 127.0.0.1 at 2013-10-27 15:40:38) [GET]

ActionController::RoutingError (No route matches "/index.html" with {:method=>:get}):
  /usr/lib/ruby/vendor_ruby/action_controller/routing/recognition_optimisation.rb:66:in `recognize_path'
  /usr/lib/ruby/vendor_ruby/action_controller/routing/route_set.rb:442:in `recognize'
  /usr/lib/ruby/vendor_ruby/action_controller/routing/route_set.rb:437:in `call'
  /usr/lib/ruby/vendor_ruby/action_controller/dispatcher.rb:87:in `dispatch'
  /usr/lib/ruby/vendor_ruby/action_controller/dispatcher.rb:121:in `_call'
  /usr/lib/ruby/vendor_ruby/action_controller/dispatcher.rb:130:in `build_middleware_stack'
  /usr/lib/ruby/vendor_ruby/active_record/query_cache.rb:29:in `call'
  /usr/lib/ruby/vendor_ruby/active_record/query_cache.rb:29:in `call'
  /usr/lib/ruby/vendor_ruby/active_record/connection_adapters/abstract/query_cache.rb:34:in `cache'
  /usr/lib/ruby/vendor_ruby/active_record/query_cache.rb:9:in `cache'
  /usr/lib/ruby/vendor_ruby/active_record/query_cache.rb:28:in `call'
  /usr/lib/ruby/vendor_ruby/active_record/connection_adapters/abstract/connection_pool.rb:361:in `call'
  /usr/lib/ruby/vendor_ruby/action_controller/string_coercion.rb:25:in `call'
  /usr/lib/ruby/vendor_ruby/rack/head.rb:9:in `call'
  /usr/lib/ruby/vendor_ruby/rack/methodoverride.rb:24:in `call'
  /usr/lib/ruby/vendor_ruby/action_controller/params_parser.rb:15:in `call'
  /usr/lib/ruby/vendor_ruby/action_controller/session/cookie_store.rb:99:in `call'
  /usr/lib/ruby/vendor_ruby/action_controller/failsafe.rb:26:in `call'
  /usr/lib/ruby/vendor_ruby/rack/lock.rb:15:in `call'
  /usr/lib/ruby/vendor_ruby/action_controller/dispatcher.rb:114:in `call'
  /usr/lib/ruby/vendor_ruby/action_controller/reloader.rb:34:in `run'
  /usr/lib/ruby/vendor_ruby/action_controller/dispatcher.rb:108:in `call'
  /usr/lib/ruby/vendor_ruby/rack/lint.rb:48:in `_call'
  /usr/lib/ruby/vendor_ruby/rack/lint.rb:36:in `call'
  /usr/lib/ruby/vendor_ruby/action_controller/integration.rb:317:in `process'
  /usr/lib/ruby/vendor_ruby/action_controller/integration.rb:197:in `get'
  (irb):3:in `irb_binding'
  /usr/lib/ruby/1.8/irb/workspace.rb:52:in `irb_binding'
  /usr/lib/ruby/1.8/irb/workspace.rb:52

Rendering rescues/layout (not_found)
  [4;35;1mSQL (0.2ms)[0m   [0mSET SQL_AUTO_IS_NULL=0[0m


Processing ApplicationController#index (for 127.0.0.1 at 2013-10-27 15:40:46) [GET]

ActionController::RoutingError (No route matches "/\n" with {:method=>:get}):
  /usr/lib/ruby/vendor_ruby/action_controller/routing/recognition_optimisation.rb:66:in `recognize_path'
  /usr/lib/ruby/vendor_ruby/action_controller/routing/route_set.rb:442:in `recognize'
  /usr/lib/ruby/vendor_ruby/action_controller/routing/route_set.rb:437:in `call'
  /usr/lib/ruby/vendor_ruby/action_controller/dispatcher.rb:87:in `dispatch'
  /usr/lib/ruby/vendor_ruby/action_controller/dispatcher.rb:121:in `_call'
  /usr/lib/ruby/vendor_ruby/action_controller/dispatcher.rb:130:in `build_middleware_stack'
  /usr/lib/ruby/vendor_ruby/active_record/query_cache.rb:29:in `call'
  /usr/lib/ruby/vendor_ruby/active_record/query_cache.rb:29:in `call'
  /usr/lib/ruby/vendor_ruby/active_record/connection_adapters/abstract/query_cache.rb:34:in `cache'
  /usr/lib/ruby/vendor_ruby/active_record/query_cache.rb:9:in `cache'
  /usr/lib/ruby/vendor_ruby/active_record/query_cache.rb:28:in `call'
  /usr/lib/ruby/vendor_ruby/active_record/connection_adapters/abstract/connection_pool.rb:361:in `call'
  /usr/lib/ruby/vendor_ruby/action_controller/string_coercion.rb:25:in `call'
  /usr/lib/ruby/vendor_ruby/rack/head.rb:9:in `call'
  /usr/lib/ruby/vendor_ruby/rack/methodoverride.rb:24:in `call'
  /usr/lib/ruby/vendor_ruby/action_controller/params_parser.rb:15:in `call'
  /usr/lib/ruby/vendor_ruby/action_controller/session/cookie_store.rb:99:in `call'
  /usr/lib/ruby/vendor_ruby/action_controller/failsafe.rb:26:in `call'
  /usr/lib/ruby/vendor_ruby/rack/lock.rb:15:in `call'
  /usr/lib/ruby/vendor_ruby/action_controller/dispatcher.rb:114:in `call'
  /usr/lib/ruby/vendor_ruby/action_controller/reloader.rb:34:in `run'
  /usr/lib/ruby/vendor_ruby/action_controller/dispatcher.rb:108:in `call'
  /usr/lib/ruby/vendor_ruby/rack/lint.rb:48:in `_call'
  /usr/lib/ruby/vendor_ruby/rack/lint.rb:36:in `call'
  /usr/lib/ruby/vendor_ruby/action_controller/integration.rb:317:in `process'
  /usr/lib/ruby/vendor_ruby/action_controller/integration.rb:197:in `get'
  (irb):4:in `irb_binding'
  /usr/lib/ruby/1.8/irb/workspace.rb:52:in `irb_binding'
  /usr/lib/ruby/1.8/irb/workspace.rb:52

Rendering rescues/layout (not_found)
  [4;36;1mSQL (0.2ms)[0m   [0;1mSET SQL_AUTO_IS_NULL=0[0m


Processing ApplicationController#index (for 127.0.0.1 at 2013-10-27 15:40:50) [GET]

ActionController::RoutingError (No route matches "/" with {:method=>:get}):
  /usr/lib/ruby/vendor_ruby/action_controller/routing/recognition_optimisation.rb:66:in `recognize_path'
  /usr/lib/ruby/vendor_ruby/action_controller/routing/route_set.rb:442:in `recognize'
  /usr/lib/ruby/vendor_ruby/action_controller/routing/route_set.rb:437:in `call'
  /usr/lib/ruby/vendor_ruby/action_controller/dispatcher.rb:87:in `dispatch'
  /usr/lib/ruby/vendor_ruby/action_controller/dispatcher.rb:121:in `_call'
  /usr/lib/ruby/vendor_ruby/action_controller/dispatcher.rb:130:in `build_middleware_stack'
  /usr/lib/ruby/vendor_ruby/active_record/query_cache.rb:29:in `call'
  /usr/lib/ruby/vendor_ruby/active_record/query_cache.rb:29:in `call'
  /usr/lib/ruby/vendor_ruby/active_record/connection_adapters/abstract/query_cache.rb:34:in `cache'
  /usr/lib/ruby/vendor_ruby/active_record/query_cache.rb:9:in `cache'
  /usr/lib/ruby/vendor_ruby/active_record/query_cache.rb:28:in `call'
  /usr/lib/ruby/vendor_ruby/active_record/connection_adapters/abstract/connection_pool.rb:361:in `call'
  /usr/lib/ruby/vendor_ruby/action_controller/string_coercion.rb:25:in `call'
  /usr/lib/ruby/vendor_ruby/rack/head.rb:9:in `call'
  /usr/lib/ruby/vendor_ruby/rack/methodoverride.rb:24:in `call'
  /usr/lib/ruby/vendor_ruby/action_controller/params_parser.rb:15:in `call'
  /usr/lib/ruby/vendor_ruby/action_controller/session/cookie_store.rb:99:in `call'
  /usr/lib/ruby/vendor_ruby/action_controller/failsafe.rb:26:in `call'
  /usr/lib/ruby/vendor_ruby/rack/lock.rb:15:in `call'
  /usr/lib/ruby/vendor_ruby/action_controller/dispatcher.rb:114:in `call'
  /usr/lib/ruby/vendor_ruby/action_controller/reloader.rb:34:in `run'
  /usr/lib/ruby/vendor_ruby/action_controller/dispatcher.rb:108:in `call'
  /usr/lib/ruby/vendor_ruby/rack/lint.rb:48:in `_call'
  /usr/lib/ruby/vendor_ruby/rack/lint.rb:36:in `call'
  /usr/lib/ruby/vendor_ruby/action_controller/integration.rb:317:in `process'
  /usr/lib/ruby/vendor_ruby/action_controller/integration.rb:197:in `get'
  (irb):6:in `irb_binding'
  /usr/lib/ruby/1.8/irb/workspace.rb:52:in `irb_binding'
  /usr/lib/ruby/1.8/irb/workspace.rb:52

Rendering rescues/layout (not_found)
  [4;35;1mSQL (0.2ms)[0m   [0mSET SQL_AUTO_IS_NULL=0[0m


Processing ApplicationController#index (for 127.0.0.1 at 2013-10-27 15:40:57) [GET]

ActionController::UnknownAction (No action responded to index. Actions: ):
  /usr/lib/ruby/vendor_ruby/action_controller/filters.rb:617:in `call_filters'
  /usr/lib/ruby/vendor_ruby/action_controller/filters.rb:610:in `perform_action_without_benchmark'
  /usr/lib/ruby/vendor_ruby/action_controller/benchmarking.rb:68:in `perform_action_without_rescue'
  /usr/lib/ruby/vendor_ruby/action_controller/benchmarking.rb:68:in `perform_action_without_rescue'
  /usr/lib/ruby/vendor_ruby/action_controller/rescue.rb:160:in `perform_action_without_flash'
  /usr/lib/ruby/vendor_ruby/action_controller/flash.rb:151:in `perform_action'
  /usr/lib/ruby/vendor_ruby/action_controller/base.rb:532:in `send'
  /usr/lib/ruby/vendor_ruby/action_controller/base.rb:532:in `process_without_filters'
  /usr/lib/ruby/vendor_ruby/action_controller/filters.rb:606:in `process'
  /usr/lib/ruby/vendor_ruby/action_controller/base.rb:391:in `process'
  /usr/lib/ruby/vendor_ruby/action_controller/base.rb:386:in `call'
  /usr/lib/ruby/vendor_ruby/action_controller/routing/route_set.rb:438:in `call'
  /usr/lib/ruby/vendor_ruby/action_controller/dispatcher.rb:87:in `dispatch'
  /usr/lib/ruby/vendor_ruby/action_controller/dispatcher.rb:121:in `_call'
  /usr/lib/ruby/vendor_ruby/action_controller/dispatcher.rb:130:in `build_middleware_stack'
  /usr/lib/ruby/vendor_ruby/active_record/query_cache.rb:29:in `call'
  /usr/lib/ruby/vendor_ruby/active_record/query_cache.rb:29:in `call'
  /usr/lib/ruby/vendor_ruby/active_record/connection_adapters/abstract/query_cache.rb:34:in `cache'
  /usr/lib/ruby/vendor_ruby/active_record/query_cache.rb:9:in `cache'
  /usr/lib/ruby/vendor_ruby/active_record/query_cache.rb:28:in `call'
  /usr/lib/ruby/vendor_ruby/active_record/connection_adapters/abstract/connection_pool.rb:361:in `call'
  /usr/lib/ruby/vendor_ruby/action_controller/string_coercion.rb:25:in `call'
  /usr/lib/ruby/vendor_ruby/rack/head.rb:9:in `call'
  /usr/lib/ruby/vendor_ruby/rack/methodoverride.rb:24:in `call'
  /usr/lib/ruby/vendor_ruby/action_controller/params_parser.rb:15:in `call'
  /usr/lib/ruby/vendor_ruby/action_controller/session/cookie_store.rb:99:in `call'
  /usr/lib/ruby/vendor_ruby/action_controller/failsafe.rb:26:in `call'
  /usr/lib/ruby/vendor_ruby/rack/lock.rb:15:in `call'
  /usr/lib/ruby/vendor_ruby/action_controller/dispatcher.rb:114:in `call'
  /usr/lib/ruby/vendor_ruby/action_controller/reloader.rb:34:in `run'
  /usr/lib/ruby/vendor_ruby/action_controller/dispatcher.rb:108:in `call'
  /usr/lib/ruby/vendor_ruby/rack/lint.rb:48:in `_call'
  /usr/lib/ruby/vendor_ruby/rack/lint.rb:36:in `call'
  /usr/lib/ruby/vendor_ruby/action_controller/integration.rb:317:in `process'
  /usr/lib/ruby/vendor_ruby/action_controller/integration.rb:197:in `get'
  (irb):7:in `irb_binding'
  /usr/lib/ruby/1.8/irb/workspace.rb:52:in `irb_binding'
  /usr/lib/ruby/1.8/irb/workspace.rb:52

Rendering rescues/layout (not_found)
  [4;36;1mSQL (0.2ms)[0m   [0;1mSET SQL_AUTO_IS_NULL=0[0m


Processing ItemsController#index (for 127.0.0.1 at 2013-10-27 15:41:02) [GET]
  [4;35;1mItem Load (0.5ms)[0m   [0mSELECT * FROM `items` [0m
Rendering template within layouts/items
Rendering items/index
  [4;36;1mItem Columns (1.0ms)[0m   [0;1mSHOW FIELDS FROM `items`[0m
Completed in 84ms (View: 71, DB: 2) | 200 OK [http://www.example.com/items/]
